1668109621 10 Nov 2022 19:47:01
1579117621 15 Jan 2020 19:47:01
1551469621 01 Mar 2019 19:47:01
1552938421 18 Mar 2019 19:47:01
1668109621 10 Nov 2022 19:47:01
1579117621 15 Jan 2020 19:47:01
1551469621 01 Mar 2019 19:47:01
1552938421 18 Mar 2019 19:47:01
1668109621 10 Nov 2022 19:47:01
1579117621 15 Jan 2020 19:47:01
1551469621 01 Mar 2019 19:47:01
1552938421 18 Mar 2019 19:47:01
1668109621 10 Nov 2022 19:47:01
1579117621 15 Jan 2020 19:47:01
1551469621 01 Mar 2019 19:47:01
1552938421 18 Mar 2019 19:47:01
1668109621 10 Nov 2022 19:47:01
1579117621 15 Jan 2020 19:47:01
1551469621 01 Mar 2019 19:47:01
1552938421 18 Mar 2019 19:47:01